This file contains any messages produced by compilers while
running configure, to aid debugging if configure makes a mistake.

It was created by QuesoGLC configure 0.7.2, which was
generated by GNU Autoconf 2.61.  Invocation command line was

  $ ./configure --enable-static=yes --enable-shared=no

## --------- ##
## Platform. ##
## --------- ##

hostname = ari-41-307-12
uname -m = x86_64
uname -r = 2.6.32-5-amd64
uname -s = Linux
uname -v = #1 SMP Sun Sep 23 10:07:46 UTC 2012

/usr/bin/uname -p = unknown
/bin/uname -X     = unknown

/bin/arch              = unknown
/usr/bin/arch -k       = unknown
/usr/convex/getsysinfo = unknown
/usr/bin/hostinfo      = unknown
/bin/machine           = unknown
/usr/bin/oslevel       = unknown
/bin/universe          = unknown

PATH: /usr/local/bin
PATH: /usr/bin
PATH: /bin
PATH: /usr/local/games
PATH: /usr/games


## ----------- ##
## Core tests. ##
## ----------- ##

configure:2089: checking for a BSD-compatible install
configure:2145: result: /usr/bin/install -c
configure:2156: checking whether build environment is sane
configure:2199: result: yes
configure:2227: checking for a thread-safe mkdir -p
configure:2266: result: /bin/mkdir -p
configure:2279: checking for gawk
configure:2295: found /usr/bin/gawk
configure:2306: result: gawk
configure:2317: checking whether make sets $(MAKE)
configure:2338: result: yes
configure:2579: checking for gcc
configure:2595: found /usr/bin/gcc
configure:2606: result: gcc
configure:2844: checking for C compiler version
configure:2851: gcc --version >&5
gcc (Debian 4.4.5-8) 4.4.5
Copyright (C) 2010 Free Software Foundation, Inc.
This is free software; see the source for copying conditions.  There is NO
warranty; not even for MERCHANTABILITY or FITNESS FOR A PARTICULAR PURPOSE.

configure:2854: $? = 0
configure:2861: gcc -v >&5
Using built-in specs.
Target: x86_64-linux-gnu
Configured with: ../src/configure -v --with-pkgversion='Debian 4.4.5-8' --with-bugurl=file:///usr/share/doc/gcc-4.4/README.Bugs --enable-languages=c,c++,fortran,objc,obj-c++ --prefix=/usr --program-suffix=-4.4 --enable-shared --enable-multiarch --enable-linker-build-id --with-system-zlib --libexecdir=/usr/lib --without-included-gettext --enable-threads=posix --with-gxx-include-dir=/usr/include/c++/4.4 --libdir=/usr/lib --enable-nls --enable-clocale=gnu --enable-libstdcxx-debug --enable-objc-gc --with-arch-32=i586 --with-tune=generic --enable-checking=release --build=x86_64-linux-gnu --host=x86_64-linux-gnu --target=x86_64-linux-gnu
Thread model: posix
gcc version 4.4.5 (Debian 4.4.5-8) 
configure:2864: $? = 0
configure:2871: gcc -V >&5
gcc: '-V' option must have argument
configure:2874: $? = 1
configure:2897: checking for C compiler default output file name
configure:2924: gcc    conftest.c  >&5
configure:2927: $? = 0
configure:2965: result: a.out
configure:2982: checking whether the C compiler works
configure:2992: ./a.out
configure:2995: $? = 0
configure:3012: result: yes
configure:3019: checking whether we are cross compiling
configure:3021: result: no
configure:3024: checking for suffix of executables
configure:3031: gcc -o conftest    conftest.c  >&5
configure:3034: $? = 0
configure:3058: result: 
configure:3064: checking for suffix of object files
configure:3090: gcc -c   conftest.c >&5
configure:3093: $? = 0
configure:3116: result: o
configure:3120: checking whether we are using the GNU C compiler
configure:3149: gcc -c   conftest.c >&5
configure:3155: $? = 0
configure:3172: result: yes
configure:3177: checking whether gcc accepts -g
configure:3207: gcc -c -g  conftest.c >&5
configure:3213: $? = 0
configure:3312: result: yes
configure:3329: checking for gcc option to accept ISO C89
configure:3403: gcc  -c -g -O2  conftest.c >&5
configure:3409: $? = 0
configure:3432: result: none needed
configure:3461: checking for style of include used by make
configure:3489: result: GNU
configure:3514: checking dependency style of gcc
configure:3605: result: gcc3
configure:3621: checking whether gcc and cc understand -c and -o together
configure:3656: gcc -c conftest.c -o conftest2.o >&5
configure:3659: $? = 0
configure:3665: gcc -c conftest.c -o conftest2.o >&5
configure:3668: $? = 0
configure:3679: cc -c conftest.c >&5
configure:3682: $? = 0
configure:3690: cc -c conftest.c -o conftest2.o >&5
configure:3693: $? = 0
configure:3699: cc -c conftest.c -o conftest2.o >&5
configure:3702: $? = 0
configure:3720: result: yes
configure:3759: checking for a BSD-compatible install
configure:3815: result: /usr/bin/install -c
configure:3826: checking whether ln -s works
configure:3830: result: yes
configure:3868: checking build system type
configure:3886: result: x86_64-unknown-linux-gnu
configure:3908: checking host system type
configure:3923: result: x86_64-unknown-linux-gnu
configure:3945: checking for a sed that does not truncate output
configure:4024: result: /bin/sed
configure:4042: checking for grep that handles long lines and -e
configure:4116: result: /bin/grep
configure:4121: checking for egrep
configure:4199: result: /bin/grep -E
configure:4204: checking for fgrep
configure:4282: result: /bin/grep -F
configure:4317: checking for ld used by gcc
configure:4384: result: /usr/bin/ld
configure:4393: checking if the linker (/usr/bin/ld) is GNU ld
configure:4408: result: yes
configure:4420: checking for BSD- or MS-compatible name lister (nm)
configure:4469: result: /usr/bin/nm -B
configure:4591: checking the name lister (/usr/bin/nm -B) interface
configure:4598: gcc -c -g -O2  conftest.c >&5
configure:4601: /usr/bin/nm -B "conftest.o"
configure:4604: output
0000000000000000 B some_variable
configure:4611: result: BSD nm
configure:4615: checking the maximum length of command line arguments
configure:4735: result: 3458764513820540925
configure:4752: checking whether the shell understands some XSI constructs
configure:4762: result: yes
configure:4766: checking whether the shell understands "+="
configure:4772: result: yes
configure:4807: checking for /usr/bin/ld option to reload object files
configure:4814: result: -r
configure:4841: checking how to recognize dependent libraries
configure:5031: result: pass_all
configure:5091: checking for ar
configure:5107: found /usr/bin/ar
configure:5118: result: ar
configure:5200: checking for strip
configure:5216: found /usr/bin/strip
configure:5227: result: strip
configure:5303: checking for ranlib
configure:5319: found /usr/bin/ranlib
configure:5330: result: ranlib
configure:5424: checking command to parse /usr/bin/nm -B output from gcc object
configure:5542: gcc -c -g -O2  conftest.c >&5
configure:5545: $? = 0
configure:5549: /usr/bin/nm -B conftest.o \| sed -n -e 's/^.*[	 ]\([ABCDGIRSTW][ABCDGIRSTW]*\)[	 ][	 ]*\([_A-Za-z][_A-Za-z0-9]*\)$/\1 \2 \2/p' \> conftest.nm
configure:5552: $? = 0
configure:5606: gcc -o conftest -g -O2   conftest.c conftstm.o >&5
configure:5609: $? = 0
configure:5647: result: ok
configure:5743: gcc -c -g -O2  conftest.c >&5
configure:5746: $? = 0
configure:6526: checking how to run the C preprocessor
configure:6566: gcc -E  conftest.c
configure:6572: $? = 0
configure:6603: gcc -E  conftest.c
conftest.c:10:28: error: ac_nonexistent.h: No such file or directory
configure:6609: $? = 1
configure: failed program was:
| /* confdefs.h.  */
| #define PACKAGE_NAME "QuesoGLC"
| #define PACKAGE_TARNAME "quesoglc"
| #define PACKAGE_VERSION "0.7.2"
| #define PACKAGE_STRING "QuesoGLC 0.7.2"
| #define PACKAGE_BUGREPORT "quesoglc-general@lists.sourceforge.net"
| #define PACKAGE "quesoglc"
| #define VERSION "0.7.2"
| /* end confdefs.h.  */
| #include <ac_nonexistent.h>
configure:6642: result: gcc -E
configure:6671: gcc -E  conftest.c
configure:6677: $? = 0
configure:6708: gcc -E  conftest.c
conftest.c:10:28: error: ac_nonexistent.h: No such file or directory
configure:6714: $? = 1
configure: failed program was:
| /* confdefs.h.  */
| #define PACKAGE_NAME "QuesoGLC"
| #define PACKAGE_TARNAME "quesoglc"
| #define PACKAGE_VERSION "0.7.2"
| #define PACKAGE_STRING "QuesoGLC 0.7.2"
| #define PACKAGE_BUGREPORT "quesoglc-general@lists.sourceforge.net"
| #define PACKAGE "quesoglc"
| #define VERSION "0.7.2"
| /* end confdefs.h.  */
| #include <ac_nonexistent.h>
configure:6752: checking for ANSI C header files
configure:6782: gcc -c -g -O2  conftest.c >&5
configure:6788: $? = 0
configure:6887: gcc -o conftest -g -O2   conftest.c  >&5
configure:6890: $? = 0
configure:6896: ./conftest
configure:6899: $? = 0
configure:6916: result: yes
configure:6940: checking for sys/types.h
configure:6961: gcc -c -g -O2  conftest.c >&5
configure:6967: $? = 0
configure:6983: result: yes
configure:6940: checking for sys/stat.h
configure:6961: gcc -c -g -O2  conftest.c >&5
configure:6967: $? = 0
configure:6983: result: yes
configure:6940: checking for stdlib.h
configure:6961: gcc -c -g -O2  conftest.c >&5
configure:6967: $? = 0
configure:6983: result: yes
configure:6940: checking for string.h
configure:6961: gcc -c -g -O2  conftest.c >&5
configure:6967: $? = 0
configure:6983: result: yes
configure:6940: checking for memory.h
configure:6961: gcc -c -g -O2  conftest.c >&5
configure:6967: $? = 0
configure:6983: result: yes
configure:6940: checking for strings.h
configure:6961: gcc -c -g -O2  conftest.c >&5
configure:6967: $? = 0
configure:6983: result: yes
configure:6940: checking for inttypes.h
configure:6961: gcc -c -g -O2  conftest.c >&5
configure:6967: $? = 0
configure:6983: result: yes
configure:6940: checking for stdint.h
configure:6961: gcc -c -g -O2  conftest.c >&5
configure:6967: $? = 0
configure:6983: result: yes
configure:6940: checking for unistd.h
configure:6961: gcc -c -g -O2  conftest.c >&5
configure:6967: $? = 0
configure:6983: result: yes
configure:6999: checking for dlfcn.h
configure:7020: gcc -c -g -O2  conftest.c >&5
configure:7026: $? = 0
configure:7042: result: yes
configure:7226: checking for objdir
configure:7241: result: .libs
configure:7537: checking if gcc supports -fno-rtti -fno-exceptions
configure:7555: gcc -c -g -O2  -fno-rtti -fno-exceptions conftest.c >&5
cc1: warning: command line option "-fno-rtti" is valid for C++/ObjC++ but not for C
configure:7559: $? = 0
configure:7572: result: no
configure:7592: checking for gcc option to produce PIC
configure:7849: result: -fPIC -DPIC
configure:7861: checking if gcc PIC flag -fPIC -DPIC works
configure:7879: gcc -c -g -O2  -fPIC -DPIC -DPIC conftest.c >&5
configure:7883: $? = 0
configure:7896: result: yes
configure:7920: checking if gcc static flag -static works
configure:7948: result: yes
configure:7963: checking if gcc supports -c -o file.o
configure:7984: gcc -c -g -O2  -o out/conftest2.o conftest.c >&5
configure:7988: $? = 0
configure:8010: result: yes
configure:8018: checking if gcc supports -c -o file.o
configure:8065: result: yes
configure:8098: checking whether the gcc linker (/usr/bin/ld -m elf_x86_64) supports shared libraries
configure:9153: result: yes
configure:9392: checking dynamic linker characteristics
configure:9835: gcc -o conftest -g -O2   -Wl,-rpath -Wl,/foo conftest.c  >&5
configure:9841: $? = 0
configure:10083: result: GNU/Linux ld.so
configure:10185: checking how to hardcode library paths into programs
configure:10210: result: immediate
configure:11023: checking whether stripping libraries is possible
configure:11028: result: yes
configure:11063: checking if libtool supports shared libraries
configure:11065: result: yes
configure:11068: checking whether to build shared libraries
configure:11089: result: no
configure:11092: checking whether to build static libraries
configure:11096: result: yes
configure:11327: checking for the pthreads library -lpthreads
configure:11370: gcc -o conftest -g -O2    conftest.c -lpthreads  >&5
/usr/bin/ld: cannot find -lpthreads
collect2: ld returned 1 exit status
configure:11376: $? = 1
configure: failed program was:
| /* confdefs.h.  */
| #define PACKAGE_NAME "QuesoGLC"
| #define PACKAGE_TARNAME "quesoglc"
| #define PACKAGE_VERSION "0.7.2"
| #define PACKAGE_STRING "QuesoGLC 0.7.2"
| #define PACKAGE_BUGREPORT "quesoglc-general@lists.sourceforge.net"
| #define PACKAGE "quesoglc"
| #define VERSION "0.7.2"
| #define STDC_HEADERS 1
| #define HAVE_SYS_TYPES_H 1
| #define HAVE_SYS_STAT_H 1
| #define HAVE_STDLIB_H 1
| #define HAVE_STRING_H 1
| #define HAVE_MEMORY_H 1
| #define HAVE_STRINGS_H 1
| #define HAVE_INTTYPES_H 1
| #define HAVE_STDINT_H 1
| #define HAVE_UNISTD_H 1
| #define HAVE_DLFCN_H 1
| #define LT_OBJDIR ".libs/"
| /* end confdefs.h.  */
| #include <pthread.h>
| int
| main ()
| {
| pthread_t th; pthread_join(th, 0);
|                      pthread_attr_init(0); pthread_cleanup_push(0, 0);
|                      pthread_create(0,0,0,0); pthread_cleanup_pop(0);
|   ;
|   return 0;
| }
configure:11396: result: no
configure:11272: checking whether pthreads work without any flags
configure:11370: gcc -o conftest -g -O2    conftest.c   >&5
/tmp/cczkKeOf.o: In function `main':
/users/nfs/Enseignants/champeimont/git/miceamaze/linux-project-simple-nodeps/quesoglc-0.7.2/conftest.c:26: undefined reference to `pthread_join'
/users/nfs/Enseignants/champeimont/git/miceamaze/linux-project-simple-nodeps/quesoglc-0.7.2/conftest.c:27: undefined reference to `__pthread_register_cancel'
/users/nfs/Enseignants/champeimont/git/miceamaze/linux-project-simple-nodeps/quesoglc-0.7.2/conftest.c:28: undefined reference to `pthread_create'
/users/nfs/Enseignants/champeimont/git/miceamaze/linux-project-simple-nodeps/quesoglc-0.7.2/conftest.c:28: undefined reference to `__pthread_unregister_cancel'
collect2: ld returned 1 exit status
configure:11376: $? = 1
configure: failed program was:
| /* confdefs.h.  */
| #define PACKAGE_NAME "QuesoGLC"
| #define PACKAGE_TARNAME "quesoglc"
| #define PACKAGE_VERSION "0.7.2"
| #define PACKAGE_STRING "QuesoGLC 0.7.2"
| #define PACKAGE_BUGREPORT "quesoglc-general@lists.sourceforge.net"
| #define PACKAGE "quesoglc"
| #define VERSION "0.7.2"
| #define STDC_HEADERS 1
| #define HAVE_SYS_TYPES_H 1
| #define HAVE_SYS_STAT_H 1
| #define HAVE_STDLIB_H 1
| #define HAVE_STRING_H 1
| #define HAVE_MEMORY_H 1
| #define HAVE_STRINGS_H 1
| #define HAVE_INTTYPES_H 1
| #define HAVE_STDINT_H 1
| #define HAVE_UNISTD_H 1
| #define HAVE_DLFCN_H 1
| #define LT_OBJDIR ".libs/"
| /* end confdefs.h.  */
| #include <pthread.h>
| int
| main ()
| {
| pthread_t th; pthread_join(th, 0);
|                      pthread_attr_init(0); pthread_cleanup_push(0, 0);
|                      pthread_create(0,0,0,0); pthread_cleanup_pop(0);
|   ;
|   return 0;
| }
configure:11396: result: no
configure:11277: checking whether pthreads work with -Kthread
configure:11370: gcc -o conftest -g -O2 -Kthread   conftest.c   >&5
gcc: unrecognized option '-Kthread'
/tmp/cc7F8PLq.o: In function `main':
/users/nfs/Enseignants/champeimont/git/miceamaze/linux-project-simple-nodeps/quesoglc-0.7.2/conftest.c:26: undefined reference to `pthread_join'
/users/nfs/Enseignants/champeimont/git/miceamaze/linux-project-simple-nodeps/quesoglc-0.7.2/conftest.c:27: undefined reference to `__pthread_register_cancel'
/users/nfs/Enseignants/champeimont/git/miceamaze/linux-project-simple-nodeps/quesoglc-0.7.2/conftest.c:28: undefined reference to `pthread_create'
/users/nfs/Enseignants/champeimont/git/miceamaze/linux-project-simple-nodeps/quesoglc-0.7.2/conftest.c:28: undefined reference to `__pthread_unregister_cancel'
collect2: ld returned 1 exit status
configure:11376: $? = 1
configure: failed program was:
| /* confdefs.h.  */
| #define PACKAGE_NAME "QuesoGLC"
| #define PACKAGE_TARNAME "quesoglc"
| #define PACKAGE_VERSION "0.7.2"
| #define PACKAGE_STRING "QuesoGLC 0.7.2"
| #define PACKAGE_BUGREPORT "quesoglc-general@lists.sourceforge.net"
| #define PACKAGE "quesoglc"
| #define VERSION "0.7.2"
| #define STDC_HEADERS 1
| #define HAVE_SYS_TYPES_H 1
| #define HAVE_SYS_STAT_H 1
| #define HAVE_STDLIB_H 1
| #define HAVE_STRING_H 1
| #define HAVE_MEMORY_H 1
| #define HAVE_STRINGS_H 1
| #define HAVE_INTTYPES_H 1
| #define HAVE_STDINT_H 1
| #define HAVE_UNISTD_H 1
| #define HAVE_DLFCN_H 1
| #define LT_OBJDIR ".libs/"
| /* end confdefs.h.  */
| #include <pthread.h>
| int
| main ()
| {
| pthread_t th; pthread_join(th, 0);
|                      pthread_attr_init(0); pthread_cleanup_push(0, 0);
|                      pthread_create(0,0,0,0); pthread_cleanup_pop(0);
|   ;
|   return 0;
| }
configure:11396: result: no
configure:11277: checking whether pthreads work with -kthread
configure:11370: gcc -o conftest -g -O2 -kthread   conftest.c   >&5
gcc: unrecognized option '-kthread'
/tmp/ccFgqwdy.o: In function `main':
/users/nfs/Enseignants/champeimont/git/miceamaze/linux-project-simple-nodeps/quesoglc-0.7.2/conftest.c:26: undefined reference to `pthread_join'
/users/nfs/Enseignants/champeimont/git/miceamaze/linux-project-simple-nodeps/quesoglc-0.7.2/conftest.c:27: undefined reference to `__pthread_register_cancel'
/users/nfs/Enseignants/champeimont/git/miceamaze/linux-project-simple-nodeps/quesoglc-0.7.2/conftest.c:28: undefined reference to `pthread_create'
/users/nfs/Enseignants/champeimont/git/miceamaze/linux-project-simple-nodeps/quesoglc-0.7.2/conftest.c:28: undefined reference to `__pthread_unregister_cancel'
collect2: ld returned 1 exit status
configure:11376: $? = 1
configure: failed program was:
| /* confdefs.h.  */
| #define PACKAGE_NAME "QuesoGLC"
| #define PACKAGE_TARNAME "quesoglc"
| #define PACKAGE_VERSION "0.7.2"
| #define PACKAGE_STRING "QuesoGLC 0.7.2"
| #define PACKAGE_BUGREPORT "quesoglc-general@lists.sourceforge.net"
| #define PACKAGE "quesoglc"
| #define VERSION "0.7.2"
| #define STDC_HEADERS 1
| #define HAVE_SYS_TYPES_H 1
| #define HAVE_SYS_STAT_H 1
| #define HAVE_STDLIB_H 1
| #define HAVE_STRING_H 1
| #define HAVE_MEMORY_H 1
| #define HAVE_STRINGS_H 1
| #define HAVE_INTTYPES_H 1
| #define HAVE_STDINT_H 1
| #define HAVE_UNISTD_H 1
| #define HAVE_DLFCN_H 1
| #define LT_OBJDIR ".libs/"
| /* end confdefs.h.  */
| #include <pthread.h>
| int
| main ()
| {
| pthread_t th; pthread_join(th, 0);
|                      pthread_attr_init(0); pthread_cleanup_push(0, 0);
|                      pthread_create(0,0,0,0); pthread_cleanup_pop(0);
|   ;
|   return 0;
| }
configure:11396: result: no
configure:11327: checking for the pthreads library -llthread
configure:11370: gcc -o conftest -g -O2    conftest.c -llthread  >&5
/usr/bin/ld: cannot find -llthread
collect2: ld returned 1 exit status
configure:11376: $? = 1
configure: failed program was:
| /* confdefs.h.  */
| #define PACKAGE_NAME "QuesoGLC"
| #define PACKAGE_TARNAME "quesoglc"
| #define PACKAGE_VERSION "0.7.2"
| #define PACKAGE_STRING "QuesoGLC 0.7.2"
| #define PACKAGE_BUGREPORT "quesoglc-general@lists.sourceforge.net"
| #define PACKAGE "quesoglc"
| #define VERSION "0.7.2"
| #define STDC_HEADERS 1
| #define HAVE_SYS_TYPES_H 1
| #define HAVE_SYS_STAT_H 1
| #define HAVE_STDLIB_H 1
| #define HAVE_STRING_H 1
| #define HAVE_MEMORY_H 1
| #define HAVE_STRINGS_H 1
| #define HAVE_INTTYPES_H 1
| #define HAVE_STDINT_H 1
| #define HAVE_UNISTD_H 1
| #define HAVE_DLFCN_H 1
| #define LT_OBJDIR ".libs/"
| /* end confdefs.h.  */
| #include <pthread.h>
| int
| main ()
| {
| pthread_t th; pthread_join(th, 0);
|                      pthread_attr_init(0); pthread_cleanup_push(0, 0);
|                      pthread_create(0,0,0,0); pthread_cleanup_pop(0);
|   ;
|   return 0;
| }
configure:11396: result: no
configure:11277: checking whether pthreads work with -pthread
configure:11370: gcc -o conftest -g -O2 -pthread   conftest.c   >&5
configure:11376: $? = 0
configure:11396: result: yes
configure:11416: checking for joinable pthread attribute
configure:11439: gcc -o conftest -g -O2 -pthread   conftest.c   >&5
configure:11445: $? = 0
configure:11513: result: PTHREAD_CREATE_JOINABLE
configure:11520: checking if more special flags are required for pthreads
configure:11527: result: no
configure:11539: checking for cc_r
configure:11567: result: gcc
configure:11624: checking whether the target supports thread-local storage
configure:11674: gcc -o conftest -g -O2   conftest.c  >&5
configure:11677: $? = 0
configure:11683: ./conftest
configure:11686: $? = 0
configure:11699: gcc -o conftest -g -O2  -static  conftest.c  >&5
configure:11705: $? = 0
configure:11727: gcc -o conftest -g -O2  -static  conftest.c  >&5
configure:11730: $? = 0
configure:11736: ./conftest
configure:11739: $? = 0
configure:11812: gcc -o conftest  -pthread -g -O2   conftest.c  >&5
configure:11815: $? = 0
configure:11821: ./conftest
configure:11824: $? = 0
configure:11854: result: yes
configure:11870: checking for an ANSI C-conforming const
configure:11945: gcc -c -g -O2  conftest.c >&5
configure:11951: $? = 0
configure:11966: result: yes
configure:11976: checking for inline
configure:12002: gcc -c -g -O2  conftest.c >&5
configure:12008: $? = 0
configure:12026: result: inline
configure:12046: checking for size_t
configure:12076: gcc -c -g -O2  conftest.c >&5
configure:12082: $? = 0
configure:12097: result: yes
configure:12110: checking for short
configure:12140: gcc -c -g -O2  conftest.c >&5
configure:12146: $? = 0
configure:12161: result: yes
configure:12168: checking size of short
configure:12470: gcc -o conftest -g -O2   conftest.c  >&5
configure:12473: $? = 0
configure:12479: ./conftest
configure:12482: $? = 0
configure:12505: result: 2
configure:12515: checking for int
configure:12545: gcc -c -g -O2  conftest.c >&5
configure:12551: $? = 0
configure:12566: result: yes
configure:12573: checking size of int
configure:12875: gcc -o conftest -g -O2   conftest.c  >&5
configure:12878: $? = 0
configure:12884: ./conftest
configure:12887: $? = 0
configure:12910: result: 4
configure:12920: checking for long
configure:12950: gcc -c -g -O2  conftest.c >&5
configure:12956: $? = 0
configure:12971: result: yes
configure:12978: checking size of long
configure:13280: gcc -o conftest -g -O2   conftest.c  >&5
configure:13283: $? = 0
configure:13289: ./conftest
configure:13292: $? = 0
configure:13315: result: 8
configure:13330: checking for ANSI C header files
configure:13494: result: yes
configure:13511: checking for stdlib.h
configure:13517: result: yes
configure:13511: checking for string.h
configure:13517: result: yes
configure:13511: checking for unistd.h
configure:13517: result: yes
configure:13668: checking for stdlib.h
configure:13674: result: yes
configure:13808: checking for GNU libc compatible malloc
configure:13842: gcc -o conftest -g -O2   conftest.c  >&5
configure:13845: $? = 0
configure:13851: ./conftest
configure:13854: $? = 0
configure:13870: result: yes
configure:13898: checking for working memcmp
configure:13951: gcc -o conftest -g -O2   conftest.c  >&5
configure:13954: $? = 0
configure:13960: ./conftest
configure:13963: $? = 0
configure:13979: result: yes
configure:13993: checking for stdlib.h
configure:13999: result: yes
configure:14133: checking for GNU libc compatible realloc
configure:14167: gcc -o conftest -g -O2   conftest.c  >&5
configure:14170: $? = 0
configure:14176: ./conftest
configure:14179: $? = 0
configure:14195: result: yes
configure:14225: checking whether lstat dereferences a symlink specified with a trailing slash
configure:14261: gcc -o conftest -g -O2   conftest.c  >&5
configure:14264: $? = 0
configure:14270: ./conftest
configure:14273: $? = 0
configure:14296: result: yes
configure:14315: checking whether stat accepts an empty string
configure:14345: gcc -o conftest -g -O2   conftest.c  >&5
configure:14348: $? = 0
configure:14354: ./conftest
configure:14357: $? = 0
configure:14373: result: no
configure:14396: checking for atexit
configure:14452: gcc -o conftest -g -O2   conftest.c  >&5
configure:14458: $? = 0
configure:14476: result: yes
configure:14396: checking for memmove
configure:14452: gcc -o conftest -g -O2   conftest.c  >&5
conftest.c:60: warning: conflicting types for built-in function 'memmove'
configure:14458: $? = 0
configure:14476: result: yes
configure:14396: checking for memset
configure:14452: gcc -o conftest -g -O2   conftest.c  >&5
conftest.c:61: warning: conflicting types for built-in function 'memset'
configure:14458: $? = 0
configure:14476: result: yes
configure:14396: checking for strdup
configure:14452: gcc -o conftest -g -O2   conftest.c  >&5
conftest.c:62: warning: conflicting types for built-in function 'strdup'
configure:14458: $? = 0
configure:14476: result: yes
configure:14488: checking for sqrt in -lm
configure:14523: gcc -o conftest -g -O2   conftest.c -lm   >&5
conftest.c:47: warning: conflicting types for built-in function 'sqrt'
configure:14529: $? = 0
configure:14547: result: yes
configure:14612: checking for pkg-config
configure:14630: found /usr/bin/pkg-config
configure:14642: result: /usr/bin/pkg-config
configure:14671: checking pkg-config is at least version 0.9.0
configure:14674: result: yes
configure:14686: checking for FREETYPE2
configure:14694: $PKG_CONFIG --exists --print-errors "freetype2 >= 9.8 "
configure:14697: $? = 0
configure:14712: $PKG_CONFIG --exists --print-errors "freetype2 >= 9.8 "
configure:14715: $? = 0
configure:15423: result: yes
configure:15435: checking for FTC_Manager_New in -lfreetype
configure:15470: gcc -o conftest -g -O2   conftest.c -lfreetype  -lm  >&5
configure:15476: $? = 0
configure:15494: result: yes
configure:15508: checking for FONTCONFIG
configure:15516: $PKG_CONFIG --exists --print-errors "fontconfig >= 2.2 "
configure:15519: $? = 0
configure:15534: $PKG_CONFIG --exists --print-errors "fontconfig >= 2.2 "
configure:15537: $? = 0
configure:15983: result: yes
configure:16003: checking for FRIBIDI
configure:16011: $PKG_CONFIG --exists --print-errors "fribidi >= 0.10.4"
Package fribidi was not found in the pkg-config search path.
Perhaps you should add the directory containing `fribidi.pc'
to the PKG_CONFIG_PATH environment variable
No package 'fribidi' found
configure:16014: $? = 1
configure:16029: $PKG_CONFIG --exists --print-errors "fribidi >= 0.10.4"
Package fribidi was not found in the pkg-config search path.
Perhaps you should add the directory containing `fribidi.pc'
to the PKG_CONFIG_PATH environment variable
No package 'fribidi' found
configure:16032: $? = 1
No package 'fribidi' found
configure:16060: result: no
configure:16063: checking for fribidi_log2vis in -lfribidi
configure:16098: gcc -o conftest -g -O2   conftest.c -lfribidi  -lm  >&5
/usr/bin/ld: cannot find -lfribidi
collect2: ld returned 1 exit status
configure:16104: $? = 1
configure: failed program was:
| /* confdefs.h.  */
| #define PACKAGE_NAME "QuesoGLC"
| #define PACKAGE_TARNAME "quesoglc"
| #define PACKAGE_VERSION "0.7.2"
| #define PACKAGE_STRING "QuesoGLC 0.7.2"
| #define PACKAGE_BUGREPORT "quesoglc-general@lists.sourceforge.net"
| #define PACKAGE "quesoglc"
| #define VERSION "0.7.2"
| #define STDC_HEADERS 1
| #define HAVE_SYS_TYPES_H 1
| #define HAVE_SYS_STAT_H 1
| #define HAVE_STDLIB_H 1
| #define HAVE_STRING_H 1
| #define HAVE_MEMORY_H 1
| #define HAVE_STRINGS_H 1
| #define HAVE_INTTYPES_H 1
| #define HAVE_STDINT_H 1
| #define HAVE_UNISTD_H 1
| #define HAVE_DLFCN_H 1
| #define LT_OBJDIR ".libs/"
| #define HAVE_PTHREAD 1
| #define HAVE_TLS 1
| #define SIZEOF_SHORT 2
| #define SIZEOF_INT 4
| #define SIZEOF_LONG 8
| #define STDC_HEADERS 1
| #define HAVE_STDLIB_H 1
| #define HAVE_STRING_H 1
| #define HAVE_UNISTD_H 1
| #define HAVE_STDLIB_H 1
| #define HAVE_MALLOC 1
| #define HAVE_STDLIB_H 1
| #define HAVE_REALLOC 1
| #define LSTAT_FOLLOWS_SLASHED_SYMLINK 1
| #define HAVE_ATEXIT 1
| #define HAVE_MEMMOVE 1
| #define HAVE_MEMSET 1
| #define HAVE_STRDUP 1
| #define HAVE_LIBM 1
| #define HAVE_FT_CACHE 1
| /* end confdefs.h.  */
| 
| /* Override any GCC internal prototype to avoid an error.
|    Use char because int might match the return type of a GCC
|    builtin and then its argument prototype would still apply.  */
| #ifdef __cplusplus
| extern "C"
| #endif
| char fribidi_log2vis ();
| int
| main ()
| {
| return fribidi_log2vis ();
|   ;
|   return 0;
| }
configure:16122: result: no
configure:16212: FriBiDi will be built and embedded
configure:16229: checking for X
configure:16344: gcc -E  conftest.c
configure:16350: $? = 0
configure:16399: gcc -o conftest -g -O2   conftest.c -lX11 -lm  >&5
configure:16405: $? = 0
configure:16464: result: libraries , headers 
configure:16497: checking whether we are using the Microsoft C compiler
configure:16526: gcc -c -g -O2  conftest.c >&5
conftest.c: In function 'main':
conftest.c:47: error: 'choke' undeclared (first use in this function)
conftest.c:47: error: (Each undeclared identifier is reported only once
conftest.c:47: error: for each function it appears in.)
conftest.c:47: error: expected ';' before 'me'
configure:16532: $? = 1
configure: failed program was:
| /* confdefs.h.  */
| #define PACKAGE_NAME "QuesoGLC"
| #define PACKAGE_TARNAME "quesoglc"
| #define PACKAGE_VERSION "0.7.2"
| #define PACKAGE_STRING "QuesoGLC 0.7.2"
| #define PACKAGE_BUGREPORT "quesoglc-general@lists.sourceforge.net"
| #define PACKAGE "quesoglc"
| #define VERSION "0.7.2"
| #define STDC_HEADERS 1
| #define HAVE_SYS_TYPES_H 1
| #define HAVE_SYS_STAT_H 1
| #define HAVE_STDLIB_H 1
| #define HAVE_STRING_H 1
| #define HAVE_MEMORY_H 1
| #define HAVE_STRINGS_H 1
| #define HAVE_INTTYPES_H 1
| #define HAVE_STDINT_H 1
| #define HAVE_UNISTD_H 1
| #define HAVE_DLFCN_H 1
| #define LT_OBJDIR ".libs/"
| #define HAVE_PTHREAD 1
| #define HAVE_TLS 1
| #define SIZEOF_SHORT 2
| #define SIZEOF_INT 4
| #define SIZEOF_LONG 8
| #define STDC_HEADERS 1
| #define HAVE_STDLIB_H 1
| #define HAVE_STRING_H 1
| #define HAVE_UNISTD_H 1
| #define HAVE_STDLIB_H 1
| #define HAVE_MALLOC 1
| #define HAVE_STDLIB_H 1
| #define HAVE_REALLOC 1
| #define LSTAT_FOLLOWS_SLASHED_SYMLINK 1
| #define HAVE_ATEXIT 1
| #define HAVE_MEMMOVE 1
| #define HAVE_MEMSET 1
| #define HAVE_STRDUP 1
| #define HAVE_LIBM 1
| #define HAVE_FT_CACHE 1
| /* end confdefs.h.  */
| 
| int
| main ()
| {
| #ifndef _MSC_VER
|        choke me
| #endif
| 
|   ;
|   return 0;
| }
configure:16549: result: no
configure:16584: checking windows.h usability
configure:16601: gcc -c -g -O2  conftest.c >&5
conftest.c:75:21: error: windows.h: No such file or directory
configure:16607: $? = 1
configure: failed program was:
| /* confdefs.h.  */
| #define PACKAGE_NAME "QuesoGLC"
| #define PACKAGE_TARNAME "quesoglc"
| #define PACKAGE_VERSION "0.7.2"
| #define PACKAGE_STRING "QuesoGLC 0.7.2"
| #define PACKAGE_BUGREPORT "quesoglc-general@lists.sourceforge.net"
| #define PACKAGE "quesoglc"
| #define VERSION "0.7.2"
| #define STDC_HEADERS 1
| #define HAVE_SYS_TYPES_H 1
| #define HAVE_SYS_STAT_H 1
| #define HAVE_STDLIB_H 1
| #define HAVE_STRING_H 1
| #define HAVE_MEMORY_H 1
| #define HAVE_STRINGS_H 1
| #define HAVE_INTTYPES_H 1
| #define HAVE_STDINT_H 1
| #define HAVE_UNISTD_H 1
| #define HAVE_DLFCN_H 1
| #define LT_OBJDIR ".libs/"
| #define HAVE_PTHREAD 1
| #define HAVE_TLS 1
| #define SIZEOF_SHORT 2
| #define SIZEOF_INT 4
| #define SIZEOF_LONG 8
| #define STDC_HEADERS 1
| #define HAVE_STDLIB_H 1
| #define HAVE_STRING_H 1
| #define HAVE_UNISTD_H 1
| #define HAVE_STDLIB_H 1
| #define HAVE_MALLOC 1
| #define HAVE_STDLIB_H 1
| #define HAVE_REALLOC 1
| #define LSTAT_FOLLOWS_SLASHED_SYMLINK 1
| #define HAVE_ATEXIT 1
| #define HAVE_MEMMOVE 1
| #define HAVE_MEMSET 1
| #define HAVE_STRDUP 1
| #define HAVE_LIBM 1
| #define HAVE_FT_CACHE 1
| /* end confdefs.h.  */
| #include <stdio.h>
| #ifdef HAVE_SYS_TYPES_H
| # include <sys/types.h>
| #endif
| #ifdef HAVE_SYS_STAT_H
| # include <sys/stat.h>
| #endif
| #ifdef STDC_HEADERS
| # include <stdlib.h>
| # include <stddef.h>
| #else
| # ifdef HAVE_STDLIB_H
| #  include <stdlib.h>
| # endif
| #endif
| #ifdef HAVE_STRING_H
| # if !defined STDC_HEADERS && defined HAVE_MEMORY_H
| #  include <memory.h>
| # endif
| # include <string.h>
| #endif
| #ifdef HAVE_STRINGS_H
| # include <strings.h>
| #endif
| #ifdef HAVE_INTTYPES_H
| # include <inttypes.h>
| #endif
| #ifdef HAVE_STDINT_H
| # include <stdint.h>
| #endif
| #ifdef HAVE_UNISTD_H
| # include <unistd.h>
| #endif
| #include <windows.h>
configure:16621: result: no
configure:16625: checking windows.h presence
configure:16640: gcc -E  conftest.c
conftest.c:42:21: error: windows.h: No such file or directory
configure:16646: $? = 1
configure: failed program was:
| /* confdefs.h.  */
| #define PACKAGE_NAME "QuesoGLC"
| #define PACKAGE_TARNAME "quesoglc"
| #define PACKAGE_VERSION "0.7.2"
| #define PACKAGE_STRING "QuesoGLC 0.7.2"
| #define PACKAGE_BUGREPORT "quesoglc-general@lists.sourceforge.net"
| #define PACKAGE "quesoglc"
| #define VERSION "0.7.2"
| #define STDC_HEADERS 1
| #define HAVE_SYS_TYPES_H 1
| #define HAVE_SYS_STAT_H 1
| #define HAVE_STDLIB_H 1
| #define HAVE_STRING_H 1
| #define HAVE_MEMORY_H 1
| #define HAVE_STRINGS_H 1
| #define HAVE_INTTYPES_H 1
| #define HAVE_STDINT_H 1
| #define HAVE_UNISTD_H 1
| #define HAVE_DLFCN_H 1
| #define LT_OBJDIR ".libs/"
| #define HAVE_PTHREAD 1
| #define HAVE_TLS 1
| #define SIZEOF_SHORT 2
| #define SIZEOF_INT 4
| #define SIZEOF_LONG 8
| #define STDC_HEADERS 1
| #define HAVE_STDLIB_H 1
| #define HAVE_STRING_H 1
| #define HAVE_UNISTD_H 1
| #define HAVE_STDLIB_H 1
| #define HAVE_MALLOC 1
| #define HAVE_STDLIB_H 1
| #define HAVE_REALLOC 1
| #define LSTAT_FOLLOWS_SLASHED_SYMLINK 1
| #define HAVE_ATEXIT 1
| #define HAVE_MEMMOVE 1
| #define HAVE_MEMSET 1
| #define HAVE_STRDUP 1
| #define HAVE_LIBM 1
| #define HAVE_FT_CACHE 1
| /* end confdefs.h.  */
| #include <windows.h>
configure:16660: result: no
configure:16693: checking for windows.h
configure:16701: result: no
configure:16715: checking for OpenGL library
configure:16758: gcc -o conftest -g -O2 -pthread   conftest.c -lopengl32  -lm -lm  >&5
/usr/bin/ld: cannot find -lopengl32
collect2: ld returned 1 exit status
configure:16764: $? = 1
configure: failed program was:
| /* confdefs.h.  */
| #define PACKAGE_NAME "QuesoGLC"
| #define PACKAGE_TARNAME "quesoglc"
| #define PACKAGE_VERSION "0.7.2"
| #define PACKAGE_STRING "QuesoGLC 0.7.2"
| #define PACKAGE_BUGREPORT "quesoglc-general@lists.sourceforge.net"
| #define PACKAGE "quesoglc"
| #define VERSION "0.7.2"
| #define STDC_HEADERS 1
| #define HAVE_SYS_TYPES_H 1
| #define HAVE_SYS_STAT_H 1
| #define HAVE_STDLIB_H 1
| #define HAVE_STRING_H 1
| #define HAVE_MEMORY_H 1
| #define HAVE_STRINGS_H 1
| #define HAVE_INTTYPES_H 1
| #define HAVE_STDINT_H 1
| #define HAVE_UNISTD_H 1
| #define HAVE_DLFCN_H 1
| #define LT_OBJDIR ".libs/"
| #define HAVE_PTHREAD 1
| #define HAVE_TLS 1
| #define SIZEOF_SHORT 2
| #define SIZEOF_INT 4
| #define SIZEOF_LONG 8
| #define STDC_HEADERS 1
| #define HAVE_STDLIB_H 1
| #define HAVE_STRING_H 1
| #define HAVE_UNISTD_H 1
| #define HAVE_STDLIB_H 1
| #define HAVE_MALLOC 1
| #define HAVE_STDLIB_H 1
| #define HAVE_REALLOC 1
| #define LSTAT_FOLLOWS_SLASHED_SYMLINK 1
| #define HAVE_ATEXIT 1
| #define HAVE_MEMMOVE 1
| #define HAVE_MEMSET 1
| #define HAVE_STRDUP 1
| #define HAVE_LIBM 1
| #define HAVE_FT_CACHE 1
| /* end confdefs.h.  */
| 
| # if HAVE_WINDOWS_H && defined(_WIN32)
| #   include <windows.h>
| # endif
| # include <GL/gl.h>
| int
| main ()
| {
| glBegin(0)
|   ;
|   return 0;
| }
configure:16758: gcc -o conftest -g -O2 -pthread   conftest.c -lGL  -lm -lm  >&5
configure:16764: $? = 0
configure:16784: result: -lGL
configure:16872: checking for g++
configure:16888: found /usr/bin/g++
configure:16899: result: g++
configure:16930: checking for C++ compiler version
configure:16937: g++ --version >&5
g++ (Debian 4.4.5-8) 4.4.5
Copyright (C) 2010 Free Software Foundation, Inc.
This is free software; see the source for copying conditions.  There is NO
warranty; not even for MERCHANTABILITY or FITNESS FOR A PARTICULAR PURPOSE.

configure:16940: $? = 0
configure:16947: g++ -v >&5
Using built-in specs.
Target: x86_64-linux-gnu
Configured with: ../src/configure -v --with-pkgversion='Debian 4.4.5-8' --with-bugurl=file:///usr/share/doc/gcc-4.4/README.Bugs --enable-languages=c,c++,fortran,objc,obj-c++ --prefix=/usr --program-suffix=-4.4 --enable-shared --enable-multiarch --enable-linker-build-id --with-system-zlib --libexecdir=/usr/lib --without-included-gettext --enable-threads=posix --with-gxx-include-dir=/usr/include/c++/4.4 --libdir=/usr/lib --enable-nls --enable-clocale=gnu --enable-libstdcxx-debug --enable-objc-gc --with-arch-32=i586 --with-tune=generic --enable-checking=release --build=x86_64-linux-gnu --host=x86_64-linux-gnu --target=x86_64-linux-gnu
Thread model: posix
gcc version 4.4.5 (Debian 4.4.5-8) 
configure:16950: $? = 0
configure:16957: g++ -V >&5
g++: '-V' option must have argument
configure:16960: $? = 1
configure:16963: checking whether we are using the GNU C++ compiler
configure:16992: g++ -c   conftest.cpp >&5
configure:16998: $? = 0
configure:17015: result: yes
configure:17020: checking whether g++ accepts -g
configure:17050: g++ -c -g  conftest.cpp >&5
configure:17056: $? = 0
configure:17155: result: yes
configure:17180: checking dependency style of g++
configure:17271: result: gcc3
configure:17294: checking how to run the C++ preprocessor
configure:17330: g++ -E  conftest.cpp
configure:17336: $? = 0
configure:17367: g++ -E  conftest.cpp
conftest.cpp:42:28: error: ac_nonexistent.h: No such file or directory
configure:17373: $? = 1
configure: failed program was:
| /* confdefs.h.  */
| #define PACKAGE_NAME "QuesoGLC"
| #define PACKAGE_TARNAME "quesoglc"
| #define PACKAGE_VERSION "0.7.2"
| #define PACKAGE_STRING "QuesoGLC 0.7.2"
| #define PACKAGE_BUGREPORT "quesoglc-general@lists.sourceforge.net"
| #define PACKAGE "quesoglc"
| #define VERSION "0.7.2"
| #define STDC_HEADERS 1
| #define HAVE_SYS_TYPES_H 1
| #define HAVE_SYS_STAT_H 1
| #define HAVE_STDLIB_H 1
| #define HAVE_STRING_H 1
| #define HAVE_MEMORY_H 1
| #define HAVE_STRINGS_H 1
| #define HAVE_INTTYPES_H 1
| #define HAVE_STDINT_H 1
| #define HAVE_UNISTD_H 1
| #define HAVE_DLFCN_H 1
| #define LT_OBJDIR ".libs/"
| #define HAVE_PTHREAD 1
| #define HAVE_TLS 1
| #define SIZEOF_SHORT 2
| #define SIZEOF_INT 4
| #define SIZEOF_LONG 8
| #define STDC_HEADERS 1
| #define HAVE_STDLIB_H 1
| #define HAVE_STRING_H 1
| #define HAVE_UNISTD_H 1
| #define HAVE_STDLIB_H 1
| #define HAVE_MALLOC 1
| #define HAVE_STDLIB_H 1
| #define HAVE_REALLOC 1
| #define LSTAT_FOLLOWS_SLASHED_SYMLINK 1
| #define HAVE_ATEXIT 1
| #define HAVE_MEMMOVE 1
| #define HAVE_MEMSET 1
| #define HAVE_STRDUP 1
| #define HAVE_LIBM 1
| #define HAVE_FT_CACHE 1
| /* end confdefs.h.  */
| #include <ac_nonexistent.h>
configure:17406: result: g++ -E
configure:17435: g++ -E  conftest.cpp
configure:17441: $? = 0
configure:17472: g++ -E  conftest.cpp
conftest.cpp:42:28: error: ac_nonexistent.h: No such file or directory
configure:17478: $? = 1
configure: failed program was:
| /* confdefs.h.  */
| #define PACKAGE_NAME "QuesoGLC"
| #define PACKAGE_TARNAME "quesoglc"
| #define PACKAGE_VERSION "0.7.2"
| #define PACKAGE_STRING "QuesoGLC 0.7.2"
| #define PACKAGE_BUGREPORT "quesoglc-general@lists.sourceforge.net"
| #define PACKAGE "quesoglc"
| #define VERSION "0.7.2"
| #define STDC_HEADERS 1
| #define HAVE_SYS_TYPES_H 1
| #define HAVE_SYS_STAT_H 1
| #define HAVE_STDLIB_H 1
| #define HAVE_STRING_H 1
| #define HAVE_MEMORY_H 1
| #define HAVE_STRINGS_H 1
| #define HAVE_INTTYPES_H 1
| #define HAVE_STDINT_H 1
| #define HAVE_UNISTD_H 1
| #define HAVE_DLFCN_H 1
| #define LT_OBJDIR ".libs/"
| #define HAVE_PTHREAD 1
| #define HAVE_TLS 1
| #define SIZEOF_SHORT 2
| #define SIZEOF_INT 4
| #define SIZEOF_LONG 8
| #define STDC_HEADERS 1
| #define HAVE_STDLIB_H 1
| #define HAVE_STRING_H 1
| #define HAVE_UNISTD_H 1
| #define HAVE_STDLIB_H 1
| #define HAVE_MALLOC 1
| #define HAVE_STDLIB_H 1
| #define HAVE_REALLOC 1
| #define LSTAT_FOLLOWS_SLASHED_SYMLINK 1
| #define HAVE_ATEXIT 1
| #define HAVE_MEMMOVE 1
| #define HAVE_MEMSET 1
| #define HAVE_STRDUP 1
| #define HAVE_LIBM 1
| #define HAVE_FT_CACHE 1
| /* end confdefs.h.  */
| #include <ac_nonexistent.h>
configure:17633: checking for C++ compiler version
configure:17640: g++ --version >&5
g++ (Debian 4.4.5-8) 4.4.5
Copyright (C) 2010 Free Software Foundation, Inc.
This is free software; see the source for copying conditions.  There is NO
warranty; not even for MERCHANTABILITY or FITNESS FOR A PARTICULAR PURPOSE.

configure:17643: $? = 0
configure:17650: g++ -v >&5
Using built-in specs.
Target: x86_64-linux-gnu
Configured with: ../src/configure -v --with-pkgversion='Debian 4.4.5-8' --with-bugurl=file:///usr/share/doc/gcc-4.4/README.Bugs --enable-languages=c,c++,fortran,objc,obj-c++ --prefix=/usr --program-suffix=-4.4 --enable-shared --enable-multiarch --enable-linker-build-id --with-system-zlib --libexecdir=/usr/lib --without-included-gettext --enable-threads=posix --with-gxx-include-dir=/usr/include/c++/4.4 --libdir=/usr/lib --enable-nls --enable-clocale=gnu --enable-libstdcxx-debug --enable-objc-gc --with-arch-32=i586 --with-tune=generic --enable-checking=release --build=x86_64-linux-gnu --host=x86_64-linux-gnu --target=x86_64-linux-gnu
Thread model: posix
gcc version 4.4.5 (Debian 4.4.5-8) 
configure:17653: $? = 0
configure:17660: g++ -V >&5
g++: '-V' option must have argument
configure:17663: $? = 1
configure:17666: checking whether we are using the GNU C++ compiler
configure:17718: result: yes
configure:17723: checking whether g++ accepts -g
configure:17858: result: yes
configure:17883: checking dependency style of g++
configure:17974: result: gcc3
configure:18123: checking for ld used by g++
configure:18190: result: /usr/bin/ld -m elf_x86_64
configure:18199: checking if the linker (/usr/bin/ld -m elf_x86_64) is GNU ld
configure:18214: result: yes
configure:18269: checking whether the g++ linker (/usr/bin/ld -m elf_x86_64) supports shared libraries
configure:19231: result: yes
configure:19259: g++ -c -g -O2  conftest.cpp >&5
configure:19262: $? = 0
configure:19444: checking for g++ option to produce PIC
configure:19753: result: -fPIC -DPIC
configure:19762: checking if g++ PIC flag -fPIC -DPIC works
configure:19780: g++ -c -g -O2  -fPIC -DPIC -DPIC conftest.cpp >&5
configure:19784: $? = 0
configure:19797: result: yes
configure:19818: checking if g++ static flag -static works
configure:19846: result: yes
configure:19858: checking if g++ supports -c -o file.o
configure:19879: g++ -c -g -O2  -o out/conftest2.o conftest.cpp >&5
configure:19883: $? = 0
configure:19905: result: yes
configure:19910: checking if g++ supports -c -o file.o
configure:19957: result: yes
configure:19987: checking whether the g++ linker (/usr/bin/ld -m elf_x86_64) supports shared libraries
configure:20016: result: yes
configure:20153: checking dynamic linker characteristics
configure:20544: g++ -o conftest -g -O2   -Wl,-rpath -Wl,/foo conftest.cpp -lm  >&5
configure:20550: $? = 0
configure:20792: result: GNU/Linux ld.so
configure:20843: checking how to hardcode library paths into programs
configure:20868: result: immediate
configure:20909: checking for OpenGL Utility library
configure:20972: g++ -o conftest -g -O2 -pthread   conftest.cpp -lglu32 -lGL  -lm -lm  >&5
/usr/bin/ld: cannot find -lglu32
collect2: ld returned 1 exit status
configure:20978: $? = 1
configure: failed program was:
| /* confdefs.h.  */
| #define PACKAGE_NAME "QuesoGLC"
| #define PACKAGE_TARNAME "quesoglc"
| #define PACKAGE_VERSION "0.7.2"
| #define PACKAGE_STRING "QuesoGLC 0.7.2"
| #define PACKAGE_BUGREPORT "quesoglc-general@lists.sourceforge.net"
| #define PACKAGE "quesoglc"
| #define VERSION "0.7.2"
| #define STDC_HEADERS 1
| #define HAVE_SYS_TYPES_H 1
| #define HAVE_SYS_STAT_H 1
| #define HAVE_STDLIB_H 1
| #define HAVE_STRING_H 1
| #define HAVE_MEMORY_H 1
| #define HAVE_STRINGS_H 1
| #define HAVE_INTTYPES_H 1
| #define HAVE_STDINT_H 1
| #define HAVE_UNISTD_H 1
| #define HAVE_DLFCN_H 1
| #define LT_OBJDIR ".libs/"
| #define HAVE_PTHREAD 1
| #define HAVE_TLS 1
| #define SIZEOF_SHORT 2
| #define SIZEOF_INT 4
| #define SIZEOF_LONG 8
| #define STDC_HEADERS 1
| #define HAVE_STDLIB_H 1
| #define HAVE_STRING_H 1
| #define HAVE_UNISTD_H 1
| #define HAVE_STDLIB_H 1
| #define HAVE_MALLOC 1
| #define HAVE_STDLIB_H 1
| #define HAVE_REALLOC 1
| #define LSTAT_FOLLOWS_SLASHED_SYMLINK 1
| #define HAVE_ATEXIT 1
| #define HAVE_MEMMOVE 1
| #define HAVE_MEMSET 1
| #define HAVE_STRDUP 1
| #define HAVE_LIBM 1
| #define HAVE_FT_CACHE 1
| /* end confdefs.h.  */
| 
| # if HAVE_WINDOWS_H && defined(_WIN32)
| #   include <windows.h>
| # endif
| # include <GL/glu.h>
| int
| main ()
| {
| gluBeginCurve(0)
|   ;
|   return 0;
| }
configure:20972: g++ -o conftest -g -O2 -pthread   conftest.cpp -lGLU -lGL  -lm -lm  >&5
configure:20978: $? = 0
configure:21012: result: -lGLU
configure:21050: checking GL/glew.h usability
configure:21067: g++ -c -g -O2  conftest.cpp >&5
conftest.cpp:75:21: error: GL/glew.h: No such file or directory
configure:21073: $? = 1
configure: failed program was:
| /* confdefs.h.  */
| #define PACKAGE_NAME "QuesoGLC"
| #define PACKAGE_TARNAME "quesoglc"
| #define PACKAGE_VERSION "0.7.2"
| #define PACKAGE_STRING "QuesoGLC 0.7.2"
| #define PACKAGE_BUGREPORT "quesoglc-general@lists.sourceforge.net"
| #define PACKAGE "quesoglc"
| #define VERSION "0.7.2"
| #define STDC_HEADERS 1
| #define HAVE_SYS_TYPES_H 1
| #define HAVE_SYS_STAT_H 1
| #define HAVE_STDLIB_H 1
| #define HAVE_STRING_H 1
| #define HAVE_MEMORY_H 1
| #define HAVE_STRINGS_H 1
| #define HAVE_INTTYPES_H 1
| #define HAVE_STDINT_H 1
| #define HAVE_UNISTD_H 1
| #define HAVE_DLFCN_H 1
| #define LT_OBJDIR ".libs/"
| #define HAVE_PTHREAD 1
| #define HAVE_TLS 1
| #define SIZEOF_SHORT 2
| #define SIZEOF_INT 4
| #define SIZEOF_LONG 8
| #define STDC_HEADERS 1
| #define HAVE_STDLIB_H 1
| #define HAVE_STRING_H 1
| #define HAVE_UNISTD_H 1
| #define HAVE_STDLIB_H 1
| #define HAVE_MALLOC 1
| #define HAVE_STDLIB_H 1
| #define HAVE_REALLOC 1
| #define LSTAT_FOLLOWS_SLASHED_SYMLINK 1
| #define HAVE_ATEXIT 1
| #define HAVE_MEMMOVE 1
| #define HAVE_MEMSET 1
| #define HAVE_STRDUP 1
| #define HAVE_LIBM 1
| #define HAVE_FT_CACHE 1
| /* end confdefs.h.  */
| #include <stdio.h>
| #ifdef HAVE_SYS_TYPES_H
| # include <sys/types.h>
| #endif
| #ifdef HAVE_SYS_STAT_H
| # include <sys/stat.h>
| #endif
| #ifdef STDC_HEADERS
| # include <stdlib.h>
| # include <stddef.h>
| #else
| # ifdef HAVE_STDLIB_H
| #  include <stdlib.h>
| # endif
| #endif
| #ifdef HAVE_STRING_H
| # if !defined STDC_HEADERS && defined HAVE_MEMORY_H
| #  include <memory.h>
| # endif
| # include <string.h>
| #endif
| #ifdef HAVE_STRINGS_H
| # include <strings.h>
| #endif
| #ifdef HAVE_INTTYPES_H
| # include <inttypes.h>
| #endif
| #ifdef HAVE_STDINT_H
| # include <stdint.h>
| #endif
| #ifdef HAVE_UNISTD_H
| # include <unistd.h>
| #endif
| #include <GL/glew.h>
configure:21087: result: no
configure:21091: checking GL/glew.h presence
configure:21106: g++ -E  conftest.cpp
conftest.cpp:42:21: error: GL/glew.h: No such file or directory
configure:21112: $? = 1
configure: failed program was:
| /* confdefs.h.  */
| #define PACKAGE_NAME "QuesoGLC"
| #define PACKAGE_TARNAME "quesoglc"
| #define PACKAGE_VERSION "0.7.2"
| #define PACKAGE_STRING "QuesoGLC 0.7.2"
| #define PACKAGE_BUGREPORT "quesoglc-general@lists.sourceforge.net"
| #define PACKAGE "quesoglc"
| #define VERSION "0.7.2"
| #define STDC_HEADERS 1
| #define HAVE_SYS_TYPES_H 1
| #define HAVE_SYS_STAT_H 1
| #define HAVE_STDLIB_H 1
| #define HAVE_STRING_H 1
| #define HAVE_MEMORY_H 1
| #define HAVE_STRINGS_H 1
| #define HAVE_INTTYPES_H 1
| #define HAVE_STDINT_H 1
| #define HAVE_UNISTD_H 1
| #define HAVE_DLFCN_H 1
| #define LT_OBJDIR ".libs/"
| #define HAVE_PTHREAD 1
| #define HAVE_TLS 1
| #define SIZEOF_SHORT 2
| #define SIZEOF_INT 4
| #define SIZEOF_LONG 8
| #define STDC_HEADERS 1
| #define HAVE_STDLIB_H 1
| #define HAVE_STRING_H 1
| #define HAVE_UNISTD_H 1
| #define HAVE_STDLIB_H 1
| #define HAVE_MALLOC 1
| #define HAVE_STDLIB_H 1
| #define HAVE_REALLOC 1
| #define LSTAT_FOLLOWS_SLASHED_SYMLINK 1
| #define HAVE_ATEXIT 1
| #define HAVE_MEMMOVE 1
| #define HAVE_MEMSET 1
| #define HAVE_STRDUP 1
| #define HAVE_LIBM 1
| #define HAVE_FT_CACHE 1
| /* end confdefs.h.  */
| #include <GL/glew.h>
configure:21126: result: no
configure:21159: checking for GL/glew.h
configure:21166: result: no
configure:21173: checking for glewContextInit in -lGLEW
configure:21208: g++ -o conftest -g -O2   conftest.cpp -lGLEW  -lm  >&5
/usr/bin/ld: cannot find -lGLEW
collect2: ld returned 1 exit status
configure:21214: $? = 1
configure: failed program was:
| /* confdefs.h.  */
| #define PACKAGE_NAME "QuesoGLC"
| #define PACKAGE_TARNAME "quesoglc"
| #define PACKAGE_VERSION "0.7.2"
| #define PACKAGE_STRING "QuesoGLC 0.7.2"
| #define PACKAGE_BUGREPORT "quesoglc-general@lists.sourceforge.net"
| #define PACKAGE "quesoglc"
| #define VERSION "0.7.2"
| #define STDC_HEADERS 1
| #define HAVE_SYS_TYPES_H 1
| #define HAVE_SYS_STAT_H 1
| #define HAVE_STDLIB_H 1
| #define HAVE_STRING_H 1
| #define HAVE_MEMORY_H 1
| #define HAVE_STRINGS_H 1
| #define HAVE_INTTYPES_H 1
| #define HAVE_STDINT_H 1
| #define HAVE_UNISTD_H 1
| #define HAVE_DLFCN_H 1
| #define LT_OBJDIR ".libs/"
| #define HAVE_PTHREAD 1
| #define HAVE_TLS 1
| #define SIZEOF_SHORT 2
| #define SIZEOF_INT 4
| #define SIZEOF_LONG 8
| #define STDC_HEADERS 1
| #define HAVE_STDLIB_H 1
| #define HAVE_STRING_H 1
| #define HAVE_UNISTD_H 1
| #define HAVE_STDLIB_H 1
| #define HAVE_MALLOC 1
| #define HAVE_STDLIB_H 1
| #define HAVE_REALLOC 1
| #define LSTAT_FOLLOWS_SLASHED_SYMLINK 1
| #define HAVE_ATEXIT 1
| #define HAVE_MEMMOVE 1
| #define HAVE_MEMSET 1
| #define HAVE_STRDUP 1
| #define HAVE_LIBM 1
| #define HAVE_FT_CACHE 1
| /* end confdefs.h.  */
| 
| /* Override any GCC internal prototype to avoid an error.
|    Use char because int might match the return type of a GCC
|    builtin and then its argument prototype would still apply.  */
| #ifdef __cplusplus
| extern "C"
| #endif
| char glewContextInit ();
| int
| main ()
| {
| return glewContextInit ();
|   ;
|   return 0;
| }
configure:21232: result: no
configure:21298: GLEW will be built and embedded
configure:21487: g++ -o conftest -g -O2   conftest.cpp -lm   -lX11 >&5
configure:21493: $? = 0
configure:21650: checking for gethostbyname
configure:21706: g++ -o conftest -g -O2   conftest.cpp -lm  >&5
configure:21712: $? = 0
configure:21729: result: yes
configure:21874: checking for connect
configure:21930: g++ -o conftest -g -O2   conftest.cpp -lm  >&5
configure:21936: $? = 0
configure:21953: result: yes
configure:22025: checking for remove
configure:22081: g++ -o conftest -g -O2   conftest.cpp -lm  >&5
configure:22087: $? = 0
configure:22104: result: yes
configure:22176: checking for shmat
configure:22232: g++ -o conftest -g -O2   conftest.cpp -lm  >&5
configure:22238: $? = 0
configure:22255: result: yes
configure:22336: checking for IceConnectionNumber in -lICE
configure:22371: g++ -o conftest -g -O2   conftest.cpp -lICE  -lm  >&5
configure:22377: $? = 0
configure:22395: result: yes
configure:22430: checking for GLUT library
configure:22471: gcc -o conftest -g -O2 -pthread   conftest.c -lglut32  -lSM -lICE -lXmu -lXi  -lGLU -lGL  -lm -lm  >&5
conftest.c:46:22: error: GL/glut.h: No such file or directory
configure:22477: $? = 1
configure: failed program was:
| /* confdefs.h.  */
| #define PACKAGE_NAME "QuesoGLC"
| #define PACKAGE_TARNAME "quesoglc"
| #define PACKAGE_VERSION "0.7.2"
| #define PACKAGE_STRING "QuesoGLC 0.7.2"
| #define PACKAGE_BUGREPORT "quesoglc-general@lists.sourceforge.net"
| #define PACKAGE "quesoglc"
| #define VERSION "0.7.2"
| #define STDC_HEADERS 1
| #define HAVE_SYS_TYPES_H 1
| #define HAVE_SYS_STAT_H 1
| #define HAVE_STDLIB_H 1
| #define HAVE_STRING_H 1
| #define HAVE_MEMORY_H 1
| #define HAVE_STRINGS_H 1
| #define HAVE_INTTYPES_H 1
| #define HAVE_STDINT_H 1
| #define HAVE_UNISTD_H 1
| #define HAVE_DLFCN_H 1
| #define LT_OBJDIR ".libs/"
| #define HAVE_PTHREAD 1
| #define HAVE_TLS 1
| #define SIZEOF_SHORT 2
| #define SIZEOF_INT 4
| #define SIZEOF_LONG 8
| #define STDC_HEADERS 1
| #define HAVE_STDLIB_H 1
| #define HAVE_STRING_H 1
| #define HAVE_UNISTD_H 1
| #define HAVE_STDLIB_H 1
| #define HAVE_MALLOC 1
| #define HAVE_STDLIB_H 1
| #define HAVE_REALLOC 1
| #define LSTAT_FOLLOWS_SLASHED_SYMLINK 1
| #define HAVE_ATEXIT 1
| #define HAVE_MEMMOVE 1
| #define HAVE_MEMSET 1
| #define HAVE_STRDUP 1
| #define HAVE_LIBM 1
| #define HAVE_FT_CACHE 1
| /* end confdefs.h.  */
| 
| # if HAVE_WINDOWS_H && defined(_WIN32)
| #   include <windows.h>
| # endif
| # include <GL/glut.h>
| int
| main ()
| {
| glutMainLoop()
|   ;
|   return 0;
| }
configure:22471: gcc -o conftest -g -O2 -pthread   conftest.c -lglut  -lSM -lICE -lXmu -lXi  -lGLU -lGL  -lm -lm  >&5
conftest.c:46:22: error: GL/glut.h: No such file or directory
configure:22477: $? = 1
configure: failed program was:
| /* confdefs.h.  */
| #define PACKAGE_NAME "QuesoGLC"
| #define PACKAGE_TARNAME "quesoglc"
| #define PACKAGE_VERSION "0.7.2"
| #define PACKAGE_STRING "QuesoGLC 0.7.2"
| #define PACKAGE_BUGREPORT "quesoglc-general@lists.sourceforge.net"
| #define PACKAGE "quesoglc"
| #define VERSION "0.7.2"
| #define STDC_HEADERS 1
| #define HAVE_SYS_TYPES_H 1
| #define HAVE_SYS_STAT_H 1
| #define HAVE_STDLIB_H 1
| #define HAVE_STRING_H 1
| #define HAVE_MEMORY_H 1
| #define HAVE_STRINGS_H 1
| #define HAVE_INTTYPES_H 1
| #define HAVE_STDINT_H 1
| #define HAVE_UNISTD_H 1
| #define HAVE_DLFCN_H 1
| #define LT_OBJDIR ".libs/"
| #define HAVE_PTHREAD 1
| #define HAVE_TLS 1
| #define SIZEOF_SHORT 2
| #define SIZEOF_INT 4
| #define SIZEOF_LONG 8
| #define STDC_HEADERS 1
| #define HAVE_STDLIB_H 1
| #define HAVE_STRING_H 1
| #define HAVE_UNISTD_H 1
| #define HAVE_STDLIB_H 1
| #define HAVE_MALLOC 1
| #define HAVE_STDLIB_H 1
| #define HAVE_REALLOC 1
| #define LSTAT_FOLLOWS_SLASHED_SYMLINK 1
| #define HAVE_ATEXIT 1
| #define HAVE_MEMMOVE 1
| #define HAVE_MEMSET 1
| #define HAVE_STRDUP 1
| #define HAVE_LIBM 1
| #define HAVE_FT_CACHE 1
| /* end confdefs.h.  */
| 
| # if HAVE_WINDOWS_H && defined(_WIN32)
| #   include <windows.h>
| # endif
| # include <GL/glut.h>
| int
| main ()
| {
| glutMainLoop()
|   ;
|   return 0;
| }
configure:22498: result: no
configure:22523: WARNING: The GLUT library could not be found : example programs and                  some tests will not be built
configure:22700: creating ./config.status

## ---------------------- ##
## Running config.status. ##
## ---------------------- ##

This file was extended by QuesoGLC config.status 0.7.2, which was
generated by GNU Autoconf 2.61.  Invocation command line was

  CONFIG_FILES    = 
  CONFIG_HEADERS  = 
  CONFIG_LINKS    = 
  CONFIG_COMMANDS = 
  $ ./config.status 

on ari-41-307-12

config.status:945: creating Makefile
config.status:945: creating build/Makefile
config.status:945: creating include/Makefile
config.status:945: creating tests/Makefile
config.status:945: creating examples/Makefile
config.status:945: creating quesoglc.pc
config.status:945: creating include/qglc_config.h
config.status:1193: include/qglc_config.h is unchanged
config.status:1240: executing depfiles commands
config.status:1240: executing libtool commands

## ---------------- ##
## Cache variables. ##
## ---------------- ##

ac_cv_build=x86_64-unknown-linux-gnu
ac_cv_c_compiler_gnu=yes
ac_cv_c_const=yes
ac_cv_c_inline=inline
ac_cv_cxx_compiler_gnu=yes
ac_cv_env_CCC_set=
ac_cv_env_CCC_value=
ac_cv_env_CC_set=
ac_cv_env_CC_value=
ac_cv_env_CFLAGS_set=
ac_cv_env_CFLAGS_value=
ac_cv_env_CPPFLAGS_set=
ac_cv_env_CPPFLAGS_value=
ac_cv_env_CPP_set=
ac_cv_env_CPP_value=
ac_cv_env_CXXCPP_set=
ac_cv_env_CXXCPP_value=
ac_cv_env_CXXFLAGS_set=
ac_cv_env_CXXFLAGS_value=
ac_cv_env_CXX_set=
ac_cv_env_CXX_value=
ac_cv_env_FONTCONFIG_CFLAGS_set=
ac_cv_env_FONTCONFIG_CFLAGS_value=
ac_cv_env_FONTCONFIG_LIBS_set=
ac_cv_env_FONTCONFIG_LIBS_value=
ac_cv_env_FREETYPE2_CFLAGS_set=
ac_cv_env_FREETYPE2_CFLAGS_value=
ac_cv_env_FREETYPE2_LIBS_set=
ac_cv_env_FREETYPE2_LIBS_value=
ac_cv_env_FRIBIDI_CFLAGS_set=
ac_cv_env_FRIBIDI_CFLAGS_value=
ac_cv_env_FRIBIDI_LIBS_set=
ac_cv_env_FRIBIDI_LIBS_value=
ac_cv_env_LDFLAGS_set=
ac_cv_env_LDFLAGS_value=
ac_cv_env_LIBS_set=
ac_cv_env_LIBS_value=
ac_cv_env_PKG_CONFIG_set=
ac_cv_env_PKG_CONFIG_value=
ac_cv_env_XMKMF_set=
ac_cv_env_XMKMF_value=
ac_cv_env_build_alias_set=
ac_cv_env_build_alias_value=
ac_cv_env_host_alias_set=
ac_cv_env_host_alias_value=
ac_cv_env_target_alias_set=
ac_cv_env_target_alias_value=
ac_cv_func_atexit=yes
ac_cv_func_connect=yes
ac_cv_func_gethostbyname=yes
ac_cv_func_lstat_dereferences_slashed_symlink=yes
ac_cv_func_malloc_0_nonnull=yes
ac_cv_func_memcmp_working=yes
ac_cv_func_memmove=yes
ac_cv_func_memset=yes
ac_cv_func_realloc_0_nonnull=yes
ac_cv_func_remove=yes
ac_cv_func_shmat=yes
ac_cv_func_stat_empty_string_bug=no
ac_cv_func_strdup=yes
ac_cv_have_x='have_x=yes	ac_x_includes='\'''\''	ac_x_libraries='\'''\'''
ac_cv_header_GL_glew_h=no
ac_cv_header_dlfcn_h=yes
ac_cv_header_inttypes_h=yes
ac_cv_header_memory_h=yes
ac_cv_header_stdc=yes
ac_cv_header_stdint_h=yes
ac_cv_header_stdlib_h=yes
ac_cv_header_string_h=yes
ac_cv_header_strings_h=yes
ac_cv_header_sys_stat_h=yes
ac_cv_header_sys_types_h=yes
ac_cv_header_unistd_h=yes
ac_cv_header_windows_h=no
ac_cv_host=x86_64-unknown-linux-gnu
ac_cv_lib_GLEW_glewContextInit=no
ac_cv_lib_ICE_IceConnectionNumber=yes
ac_cv_lib_freetype_FTC_Manager_New=yes
ac_cv_lib_fribidi_fribidi_log2vis=no
ac_cv_lib_m_sqrt=yes
ac_cv_objext=o
ac_cv_path_EGREP='/bin/grep -E'
ac_cv_path_FGREP='/bin/grep -F'
ac_cv_path_GREP=/bin/grep
ac_cv_path_SED=/bin/sed
ac_cv_path_ac_pt_PKG_CONFIG=/usr/bin/pkg-config
ac_cv_path_install='/usr/bin/install -c'
ac_cv_path_mkdir=/bin/mkdir
ac_cv_prog_AWK=gawk
ac_cv_prog_CPP='gcc -E'
ac_cv_prog_CXXCPP='g++ -E'
ac_cv_prog_PTHREAD_CC=gcc
ac_cv_prog_ac_ct_AR=ar
ac_cv_prog_ac_ct_CC=gcc
ac_cv_prog_ac_ct_CXX=g++
ac_cv_prog_ac_ct_RANLIB=ranlib
ac_cv_prog_ac_ct_STRIP=strip
ac_cv_prog_cc_c89=
ac_cv_prog_cc_g=yes
ac_cv_prog_cc_gcc_c_o=yes
ac_cv_prog_cxx_g=yes
ac_cv_prog_make_make_set=yes
ac_cv_sizeof_int=4
ac_cv_sizeof_long=8
ac_cv_sizeof_short=2
ac_cv_type_int=yes
ac_cv_type_long=yes
ac_cv_type_short=yes
ac_cv_type_size_t=yes
am_cv_CC_dependencies_compiler_type=gcc3
am_cv_CXX_dependencies_compiler_type=gcc3
ax_cv_c_compiler_ms=no
ax_cv_check_gl_libgl=-lGL
ax_cv_check_glu_libglu=-lGLU
ax_cv_check_glut_libglut=no
lt_cv_deplibs_check_method=pass_all
lt_cv_file_magic_cmd='$MAGIC_CMD'
lt_cv_file_magic_test_file=
lt_cv_ld_reload_flag=-r
lt_cv_nm_interface='BSD nm'
lt_cv_objdir=.libs
lt_cv_path_LD=/usr/bin/ld
lt_cv_path_LDCXX='/usr/bin/ld -m elf_x86_64'
lt_cv_path_NM='/usr/bin/nm -B'
lt_cv_prog_compiler_c_o=yes
lt_cv_prog_compiler_c_o_CXX=yes
lt_cv_prog_compiler_pic_works=yes
lt_cv_prog_compiler_pic_works_CXX=yes
lt_cv_prog_compiler_rtti_exceptions=no
lt_cv_prog_compiler_static_works=yes
lt_cv_prog_compiler_static_works_CXX=yes
lt_cv_prog_gnu_ld=yes
lt_cv_prog_gnu_ldcxx=yes
lt_cv_sys_global_symbol_pipe='sed -n -e '\''s/^.*[	 ]\([ABCDGIRSTW][ABCDGIRSTW]*\)[	 ][	 ]*\([_A-Za-z][_A-Za-z0-9]*\)$/\1 \2 \2/p'\'''
lt_cv_sys_global_symbol_to_c_name_address='sed -n -e '\''s/^: \([^ ]*\) $/  {\"\1\", (void *) 0},/p'\'' -e '\''s/^[ABCDGIRSTW]* \([^ ]*\) \([^ ]*\)$/  {"\2", (void *) \&\2},/p'\'''
lt_cv_sys_global_symbol_to_c_name_address_lib_prefix='sed -n -e '\''s/^: \([^ ]*\) $/  {\"\1\", (void *) 0},/p'\'' -e '\''s/^[ABCDGIRSTW]* \([^ ]*\) \(lib[^ ]*\)$/  {"\2", (void *) \&\2},/p'\'' -e '\''s/^[ABCDGIRSTW]* \([^ ]*\) \([^ ]*\)$/  {"lib\2", (void *) \&\2},/p'\'''
lt_cv_sys_global_symbol_to_cdecl='sed -n -e '\''s/^T .* \(.*\)$/extern int \1();/p'\'' -e '\''s/^[ABCDGIRSTW]* .* \(.*\)$/extern char \1;/p'\'''
lt_cv_sys_max_cmd_len=3458764513820540925
pkg_cv_FONTCONFIG_CFLAGS=' '
pkg_cv_FONTCONFIG_LIBS='-lfontconfig  '
pkg_cv_FREETYPE2_CFLAGS='-I/usr/include/freetype2  '
pkg_cv_FREETYPE2_LIBS='-lfreetype  '

## ----------------- ##
## Output variables. ##
## ----------------- ##

ACLOCAL='${SHELL} /users/nfs/Enseignants/champeimont/git/miceamaze/linux-project-simple-nodeps/quesoglc-0.7.2/build/missing --run aclocal-1.10'
AMDEPBACKSLASH='\'
AMDEP_FALSE='#'
AMDEP_TRUE=''
AMTAR='${SHELL} /users/nfs/Enseignants/champeimont/git/miceamaze/linux-project-simple-nodeps/quesoglc-0.7.2/build/missing --run tar'
AR='ar'
AUTOCONF='${SHELL} /users/nfs/Enseignants/champeimont/git/miceamaze/linux-project-simple-nodeps/quesoglc-0.7.2/build/missing --run autoconf'
AUTOHEADER='${SHELL} /users/nfs/Enseignants/champeimont/git/miceamaze/linux-project-simple-nodeps/quesoglc-0.7.2/build/missing --run autoheader'
AUTOMAKE='${SHELL} /users/nfs/Enseignants/champeimont/git/miceamaze/linux-project-simple-nodeps/quesoglc-0.7.2/build/missing --run automake-1.10'
AWK='gawk'
CC='gcc'
CCDEPMODE='depmode=gcc3'
CFLAGS='-g -O2'
CPP='gcc -E'
CPPFLAGS=''
CXX='g++'
CXXCPP='g++ -E'
CXXDEPMODE='depmode=gcc3'
CXXFLAGS='-g -O2'
CYGPATH_W='echo'
DEBUG_TESTS=''
DEFS='-DHAVE_CONFIG_H'
DEPDIR='.deps'
DSYMUTIL=''
DUMPBIN=''
ECHO_C=''
ECHO_N='-n'
ECHO_T=''
EGREP='/bin/grep -E'
EXECUTABLES='tests'
EXEEXT=''
FGREP='/bin/grep -F'
FONTCONFIG_CFLAGS=' '
FONTCONFIG_LIBS='-lfontconfig  '
FREETYPE2_CFLAGS='-I/usr/include/freetype2  '
FREETYPE2_LIBS='-lfreetype  '
FREETYPE_CONFIG=''
FRIBIDI_CFLAGS=''
FRIBIDI_LIBS=''
FRIBIDI_OBJ='libGLC_la-fribidi.lo libGLC_la-fribidi_char_type.lo                libGLC_la-fribidi_mirroring.lo libGLC_la-fribidi_types.lo'
GLEW_CFLAGS='-DGLEW_MX'
GLEW_OBJ='libGLC_la-glew.lo'
GLUT_CFLAGS=''
GLUT_LIBS=''
GLU_CFLAGS='-pthread'
GLU_LIBS='-lGLU -lGL  -lm'
GL_CFLAGS='-pthread'
GL_LIBS='-lGL  -lm'
GREP='/bin/grep'
INSTALL_DATA='${INSTALL} -m 644'
INSTALL_PROGRAM='${INSTALL}'
INSTALL_SCRIPT='${INSTALL}'
INSTALL_STRIP_PROGRAM='$(install_sh) -c -s'
LD='/usr/bin/ld -m elf_x86_64'
LDFLAGS=''
LIBOBJS=''
LIBS='-lm '
LIBTOOL='$(SHELL) $(top_builddir)/libtool'
LIPO=''
LN_S='ln -s'
LTLIBOBJS=''
MAKEINFO='${SHELL} /users/nfs/Enseignants/champeimont/git/miceamaze/linux-project-simple-nodeps/quesoglc-0.7.2/build/missing --run makeinfo'
NM='/usr/bin/nm -B'
NMEDIT=''
OBJEXT='o'
OTOOL64=''
OTOOL=''
PACKAGE='quesoglc'
PACKAGE_BUGREPORT='quesoglc-general@lists.sourceforge.net'
PACKAGE_NAME='QuesoGLC'
PACKAGE_STRING='QuesoGLC 0.7.2'
PACKAGE_TARNAME='quesoglc'
PACKAGE_VERSION='0.7.2'
PATH_SEPARATOR=':'
PKGCONFIG_INCLUDE='-pthread'
PKGCONFIG_LIBS_PRIVATE=' -lGLU -lGL  -lm'
PKGCONFIG_REQUIREMENTS=''
PKG_CONFIG='/usr/bin/pkg-config'
PTHREAD_CC='gcc'
PTHREAD_CFLAGS='-pthread'
PTHREAD_LIBS=''
RANLIB='ranlib'
SED='/bin/sed'
SET_MAKE=''
SHELL='/bin/bash'
STRIP='strip'
TESTS_WITH_GLUT=''
VERSION='0.7.2'
XMKMF=''
X_CFLAGS=''
X_EXTRA_LIBS=''
X_LIBS=''
X_PRE_LIBS=' -lSM -lICE'
ac_ct_CC='gcc'
ac_ct_CXX='g++'
ac_ct_DUMPBIN=''
acx_pthread_config=''
am__fastdepCC_FALSE='#'
am__fastdepCC_TRUE=''
am__fastdepCXX_FALSE='#'
am__fastdepCXX_TRUE=''
am__include='include'
am__isrc=''
am__leading_dot='.'
am__quote=''
am__tar='${AMTAR} chof - "$$tardir"'
am__untar='${AMTAR} xf -'
bindir='${exec_prefix}/bin'
build='x86_64-unknown-linux-gnu'
build_alias=''
build_cpu='x86_64'
build_os='linux-gnu'
build_vendor='unknown'
datadir='${datarootdir}'
datarootdir='${prefix}/share'
docdir='${datarootdir}/doc/${PACKAGE_TARNAME}'
dvidir='${docdir}'
exec_prefix='${prefix}'
host='x86_64-unknown-linux-gnu'
host_alias=''
host_cpu='x86_64'
host_os='linux-gnu'
host_vendor='unknown'
htmldir='${docdir}'
includedir='${prefix}/include'
infodir='${datarootdir}/info'
install_sh='$(SHELL) /users/nfs/Enseignants/champeimont/git/miceamaze/linux-project-simple-nodeps/quesoglc-0.7.2/build/install-sh'
libdir='${exec_prefix}/lib'
libexecdir='${exec_prefix}/libexec'
localedir='${datarootdir}/locale'
localstatedir='${prefix}/var'
lt_ECHO='echo'
mandir='${datarootdir}/man'
mkdir_p='/bin/mkdir -p'
oldincludedir='/usr/include'
pdfdir='${docdir}'
prefix='/usr/local'
program_transform_name='s,x,x,'
psdir='${docdir}'
sbindir='${exec_prefix}/sbin'
sharedstatedir='${prefix}/com'
sysconfdir='${prefix}/etc'
target_alias=''

## ----------- ##
## confdefs.h. ##
## ----------- ##

#define PACKAGE_NAME "QuesoGLC"
#define PACKAGE_TARNAME "quesoglc"
#define PACKAGE_VERSION "0.7.2"
#define PACKAGE_STRING "QuesoGLC 0.7.2"
#define PACKAGE_BUGREPORT "quesoglc-general@lists.sourceforge.net"
#define PACKAGE "quesoglc"
#define VERSION "0.7.2"
#define STDC_HEADERS 1
#define HAVE_SYS_TYPES_H 1
#define HAVE_SYS_STAT_H 1
#define HAVE_STDLIB_H 1
#define HAVE_STRING_H 1
#define HAVE_MEMORY_H 1
#define HAVE_STRINGS_H 1
#define HAVE_INTTYPES_H 1
#define HAVE_STDINT_H 1
#define HAVE_UNISTD_H 1
#define HAVE_DLFCN_H 1
#define LT_OBJDIR ".libs/"
#define HAVE_PTHREAD 1
#define HAVE_TLS 1
#define SIZEOF_SHORT 2
#define SIZEOF_INT 4
#define SIZEOF_LONG 8
#define STDC_HEADERS 1
#define HAVE_STDLIB_H 1
#define HAVE_STRING_H 1
#define HAVE_UNISTD_H 1
#define HAVE_STDLIB_H 1
#define HAVE_MALLOC 1
#define HAVE_STDLIB_H 1
#define HAVE_REALLOC 1
#define LSTAT_FOLLOWS_SLASHED_SYMLINK 1
#define HAVE_ATEXIT 1
#define HAVE_MEMMOVE 1
#define HAVE_MEMSET 1
#define HAVE_STRDUP 1
#define HAVE_LIBM 1
#define HAVE_FT_CACHE 1

configure: exit 0
